<?xml version="1.0" encoding="UTF-8"?>
<!-- Generated by org.testng.reporters.JUnitReportReporter -->
<testsuite hostname="Tahera_Atbin" failures="0" tests="1" name="goRest.PutUpdateUser" time="1.997" errors="0" timestamp="2023-04-18T21:56:37 EDT" skipped="0">
  <testcase classname="goRest.PutUpdateUser" name="updateUserEmail" time="1.997"/>
  <system-out/>
</testsuite> <!-- goRest.PutUpdateUser -->
