<?xml version="1.0" encoding="UTF-8"?>
<!-- Generated by org.testng.reporters.JUnitReportReporter -->
<testsuite hostname="Tahera_Atbin" failures="0" tests="3" name="goRest.Create_Update_Delete_User" time="3.856" errors="0" timestamp="2023-04-18T22:09:01 EDT" skipped="0">
  <testcase classname="goRest.Create_Update_Delete_User" name="createUser" time="2.991"/>
  <system-out/>
  <testcase classname="goRest.Create_Update_Delete_User" name="updateUser" time="0.452"/>
  <system-out/>
  <testcase classname="goRest.Create_Update_Delete_User" name="deleteUser" time="0.413"/>
  <system-out/>
</testsuite> <!-- goRest.Create_Update_Delete_User -->
