<?xml version="1.0" encoding="UTF-8"?>
<!-- Generated by org.testng.reporters.JUnitReportReporter -->
<testsuite hostname="Tahera_Atbin" failures="0" tests="1" name="goRest.GetUserInfo" time="2.552" errors="0" timestamp="2023-04-18T21:57:41 EDT" skipped="0">
  <testcase classname="goRest.GetUserInfo" name="getUser" time="2.552"/>
  <system-out/>
</testsuite> <!-- goRest.GetUserInfo -->
