<?xml version="1.0" encoding="UTF-8"?>
<!-- Generated by org.testng.reporters.JUnitReportReporter -->
<testsuite hostname="Tahera_Atbin" failures="0" tests="1" name="goRest.PostCreateUser" time="1.986" errors="0" timestamp="2023-04-18T21:57:51 EDT" skipped="0">
  <testcase classname="goRest.PostCreateUser" name="createResource" time="1.986"/>
  <system-out/>
</testsuite> <!-- goRest.PostCreateUser -->
